<?xml version="1.0" encoding="UTF-8"?>
<!-- Generated by org.testng.reporters.JUnitXMLReporter -->
<testsuite ignored="6" hostname="DESKTOP-3O9T5AI" failures="0" tests="7" name="Test" time="123.697" errors="0" timestamp="2022-09-17T10:12:17 IST">
  <testcase classname="com.EcommereceDomain.iAss.scripts.TestCase4" name="tc4" time="15.963"/>
  <testcase classname="com.EcommereceDomain.iAss.scripts.TestCase1" name="tc1" time="6.842"/>
  <testcase classname="com.EcommereceDomain.iAss.scripts.TestCase3" name="tc3" time="6.523"/>
  <testcase classname="com.EcommereceDomain.iAss.scripts.TestCase2" name="tc2" time="12.295"/>
  <testcase classname="com.EcommereceDomain.iAss.scripts.TestCase2" name="tc2" time="12.398"/>
  <testcase classname="com.EcommereceDomain.iAss.scripts.TestCase2" name="tc2" time="11.849"/>
  <testcase classname="com.EcommereceDomain.iAss.scripts.TestCase2" name="tc2" time="12.653"/>
  <testcase classname="generic.BaseClass" name="@BeforeSuite bsConfig" time="0.0">
    <ignored/>
  </testcase> <!-- @BeforeSuite bsConfig -->
  <testcase classname="generic.BaseClass" name="@BeforeSuite bsConfig" time="0.0">
    <ignored/>
  </testcase> <!-- @BeforeSuite bsConfig -->
  <testcase classname="generic.BaseClass" name="@BeforeSuite bsConfig" time="0.0">
    <ignored/>
  </testcase> <!-- @BeforeSuite bsConfig -->
  <testcase classname="generic.BaseClass" name="@AfterSuite asConfig" time="0.0">
    <ignored/>
  </testcase> <!-- @AfterSuite asConfig -->
  <testcase classname="generic.BaseClass" name="@AfterSuite asConfig" time="0.0">
    <ignored/>
  </testcase> <!-- @AfterSuite asConfig -->
  <testcase classname="generic.BaseClass" name="@AfterSuite asConfig" time="0.0">
    <ignored/>
  </testcase> <!-- @AfterSuite asConfig -->
</testsuite> <!-- Test -->
