<?xml version="1.0" encoding="UTF-8"?>
<testng-results ignored="0" total="1" passed="1" failed="0" skipped="0">
  <reporter-output>
    <line>
      <![CDATA[Invalid data]]>
    </line>
  </reporter-output>
  <suite started-at="2022-09-17T12:05:11 IST" name="Default suite" finished-at="2022-09-17T12:05:24 IST" duration-ms="13614">
    <groups>
    </groups>
    <test started-at="2022-09-17T12:05:11 IST" name="Default test" finished-at="2022-09-17T12:05:24 IST" duration-ms="13614">
      <class name="com.EcommereceDomain.iAss.scripts.TestCase3">
        <test-method is-config="true" signature="bsConfig()[pri:0, instance:com.EcommereceDomain.iAss.scripts.TestCase3@4567f35d]" started-at="2022-09-17T12:05:10 IST" name="bsConfig" finished-at="2022-09-17T12:05:11 IST" duration-ms="760" status="PASS">
          <reporter-output>
          </reporter-output>
        </test-method> <!-- bsConfig -->
        <test-method is-config="true" signature="openApp()[pri:0, instance:com.EcommereceDomain.iAss.scripts.TestCase3@4567f35d]" started-at="2022-09-17T12:05:11 IST" name="openApp" finished-at="2022-09-17T12:05:17 IST" duration-ms="6364" status="PASS">
          <reporter-output>
          </reporter-output>
        </test-method> <!-- openApp -->
        <test-method signature="tc3()[pri:0, instance:com.EcommereceDomain.iAss.scripts.TestCase3@4567f35d]" started-at="2022-09-17T12:05:17 IST" name="tc3" finished-at="2022-09-17T12:05:24 IST" duration-ms="6727" status="PASS">
          <reporter-output>
            <line>
              <![CDATA[Invalid data]]>
            </line>
          </reporter-output>
        </test-method> <!-- tc3 -->
        <test-method is-config="true" signature="closeApp(org.testng.ITestResult)[pri:0, instance:com.EcommereceDomain.iAss.scripts.TestCase3@4567f35d]" started-at="2022-09-17T12:05:24 IST" name="closeApp" finished-at="2022-09-17T12:05:24 IST" duration-ms="454" status="PASS">
          <params>
            <param index="0">
              <value>
                <![CDATA[[TestResult name=tc3 status=SUCCESS method=TestCase3.tc3()[pri:0, instance:com.EcommereceDomain.iAss.scripts.TestCase3@4567f35d] output=Invalid data]]]>
              </value>
            </param>
          </params>
          <reporter-output>
          </reporter-output>
        </test-method> <!-- closeApp -->
        <test-method is-config="true" signature="asConfig()[pri:0, instance:com.EcommereceDomain.iAss.scripts.TestCase3@4567f35d]" started-at="2022-09-17T12:05:24 IST" name="asConfig" finished-at="2022-09-17T12:05:25 IST" duration-ms="464" status="PASS">
          <reporter-output>
          </reporter-output>
        </test-method> <!-- asConfig -->
      </class> <!-- com.EcommereceDomain.iAss.scripts.TestCase3 -->
    </test> <!-- Default test -->
  </suite> <!-- Default suite -->
</testng-results>
