<?xml version="1.0" encoding="UTF-8"?>
<testng-results ignored="0" total="1" passed="1" failed="0" skipped="0">
  <reporter-output>
  </reporter-output>
  <suite started-at="2022-09-16T22:19:46 IST" name="Default suite" finished-at="2022-09-16T22:20:07 IST" duration-ms="21188">
    <groups>
    </groups>
    <test started-at="2022-09-16T22:19:46 IST" name="Default test" finished-at="2022-09-16T22:20:07 IST" duration-ms="21188">
      <class name="com.EcommereceDomain.iAss.scripts.TestCase1">
        <test-method is-config="true" signature="bsConfig()[pri:0, instance:com.EcommereceDomain.iAss.scripts.TestCase1@6c80d78a]" started-at="2022-09-16T22:19:45 IST" name="bsConfig" finished-at="2022-09-16T22:19:46 IST" duration-ms="684" status="PASS">
          <reporter-output>
          </reporter-output>
        </test-method> <!-- bsConfig -->
        <test-method is-config="true" signature="openApp()[pri:0, instance:com.EcommereceDomain.iAss.scripts.TestCase1@6c80d78a]" started-at="2022-09-16T22:19:46 IST" name="openApp" finished-at="2022-09-16T22:19:55 IST" duration-ms="9211" status="PASS">
          <reporter-output>
          </reporter-output>
        </test-method> <!-- openApp -->
        <test-method signature="tc1()[pri:0, instance:com.EcommereceDomain.iAss.scripts.TestCase1@6c80d78a]" started-at="2022-09-16T22:19:55 IST" name="tc1" finished-at="2022-09-16T22:20:07 IST" duration-ms="11347" status="PASS">
          <reporter-output>
          </reporter-output>
        </test-method> <!-- tc1 -->
        <test-method is-config="true" signature="closeApp(org.testng.ITestResult)[pri:0, instance:com.EcommereceDomain.iAss.scripts.TestCase1@6c80d78a]" started-at="2022-09-16T22:20:07 IST" name="closeApp" finished-at="2022-09-16T22:20:07 IST" duration-ms="581" status="PASS">
          <params>
            <param index="0">
              <value>
                <![CDATA[[TestResult name=tc1 status=SUCCESS method=TestCase1.tc1()[pri:0, instance:com.EcommereceDomain.iAss.scripts.TestCase1@6c80d78a] output={null}]]]>
              </value>
            </param>
          </params>
          <reporter-output>
          </reporter-output>
        </test-method> <!-- closeApp -->
        <test-method is-config="true" signature="asConfig()[pri:0, instance:com.EcommereceDomain.iAss.scripts.TestCase1@6c80d78a]" started-at="2022-09-16T22:20:07 IST" name="asConfig" finished-at="2022-09-16T22:20:08 IST" duration-ms="454" status="FAIL">
          <exception class="java.lang.NullPointerException">
            <message>
              <![CDATA[Cannot invoke "java.sql.Connection.close()" because "generic.FileUtils.con" is null]]>
            </message>
            <full-stacktrace>
              <![CDATA[java.lang.NullPointerException: Cannot invoke "java.sql.Connection.close()" because "generic.FileUtils.con" is null
at generic.FileUtils.closeCon(FileUtils.java:143)
at generic.BaseClass.asConfig(BaseClass.java:85)
at java.base/jdk.internal.reflect.DirectMethodHandleAccessor.invoke(DirectMethodHandleAccessor.java:104)
at java.base/java.lang.reflect.Method.invoke(Method.java:577)
at org.testng.internal.MethodInvocationHelper.invokeMethod(MethodInvocationHelper.java:133)
at org.testng.internal.MethodInvocationHelper.invokeMethodConsideringTimeout(MethodInvocationHelper.java:62)
at org.testng.internal.ConfigInvoker.invokeConfigurationMethod(ConfigInvoker.java:385)
at org.testng.internal.ConfigInvoker.invokeConfigurations(ConfigInvoker.java:321)
at org.testng.SuiteRunner.privateRun(SuiteRunner.java:344)
at org.testng.SuiteRunner.run(SuiteRunner.java:276)
at org.testng.SuiteRunnerWorker.runSuite(SuiteRunnerWorker.java:53)
at org.testng.SuiteRunnerWorker.run(SuiteRunnerWorker.java:96)
at org.testng.TestNG.runSuitesSequentially(TestNG.java:1212)
at org.testng.TestNG.runSuitesLocally(TestNG.java:1134)
at org.testng.TestNG.runSuites(TestNG.java:1063)
at org.testng.TestNG.run(TestNG.java:1031)
at org.testng.remote.AbstractRemoteTestNG.run(AbstractRemoteTestNG.java:115)
at org.testng.remote.RemoteTestNG.initAndRun(RemoteTestNG.java:251)
at org.testng.remote.RemoteTestNG.main(RemoteTestNG.java:77)
]]>
            </full-stacktrace>
          </exception> <!-- java.lang.NullPointerException -->
          <reporter-output>
          </reporter-output>
        </test-method> <!-- asConfig -->
      </class> <!-- com.EcommereceDomain.iAss.scripts.TestCase1 -->
    </test> <!-- Default test -->
  </suite> <!-- Default suite -->
</testng-results>
